app/build/outputs/logs/manifest-merger-release-report.txt
-- Merging decision tree log ---
manifest
ADDED from AndroidManifest.xml:2:1
	xmlns:tools
		ADDED from AndroidManifest.xml:3:5
	xmlns:android
		ADDED from AndroidManifest.xml:2:11
	package
		ADDED from AndroidManifest.xml:4:5
		INJECTED from AndroidManifest.xml:0:0
		INJECTED from AndroidManifest.xml:0:0
	android:versionName
		ADDED from AndroidManifest.xml:6:5
	android:versionCode
		ADDED from AndroidManifest.xml:5:5
		INJECTED from AndroidManifest.xml:0:0
		INJECTED from AndroidManifest.xml:0:0
uses-sdk
ADDED from AndroidManifest.xml:8:5
MERGED from com.umeng:fb:5.4.0:7:5
MERGED from com.umeng:message:2.4.1:7:5
MERGED from com.android.support:support-v4:22.2.1:20:5
MERGED from com.android.support:support-v4:22.2.1:20:5
MERGED from Kd_Teacher:slidingMenuLibrary:unspecified:7:5
MERGED from com.android.support:support-v4:22.2.1:20:5
MERGED from Kd_Teacher:meimidmovablecheckboxMovableCheckboxActivity:unspecified:7:5
	android:targetSdkVersion
		ADDED from AndroidManifest.xml:10:9
		INJECTED from AndroidManifest.xml:0:0
		INJECTED from AndroidManifest.xml:0:0
	android:minSdkVersion
		ADDED from AndroidManifest.xml:9:9
		INJECTED from AndroidManifest.xml:0:0
		INJECTED from AndroidManifest.xml:0:0
supports-screens
ADDED from AndroidManifest.xml:12:5
	android:resizeable
		ADDED from AndroidManifest.xml:16:9
	android:largeScreens
		ADDED from AndroidManifest.xml:14:9
	android:anyDensity
		ADDED from AndroidManifest.xml:13:9
	android:normalScreens
		ADDED from AndroidManifest.xml:15:9
	android:smallScreens
		ADDED from AndroidManifest.xml:17:9
uses-permission#android.permission.INTERNET
ADDED from AndroidManifest.xml:19:5
	android:name
		ADDED from AndroidManifest.xml:19:22
uses-permission#android.permission.ACCESS_WIFI_STATE
ADDED from AndroidManifest.xml:20:5
	android:name
		ADDED from AndroidManifest.xml:20:22
uses-permission#android.permission.ACCESS_NETWORK_STATE
ADDED from AndroidManifest.xml:21:5
	android:name
		ADDED from AndroidManifest.xml:21:22
uses-permission#android.permission.CHANGE_WIFI_STATE
ADDED from AndroidManifest.xml:22:5
	android:name
		ADDED from AndroidManifest.xml:22:22
uses-permission#android.permission.CHANGE_NETWORK_STATE
ADDED from AndroidManifest.xml:23:5
	android:name
		ADDED from AndroidManifest.xml:23:22
uses-permission#android.permission.SYSTEM_ALERT_WINDOW
ADDED from AndroidManifest.xml:24:5
	android:name
		ADDED from AndroidManifest.xml:24:22
uses-permission#android.permission.ACCESS_FINE_LOCATION
ADDED from AndroidManifest.xml:25:5
	android:name
		ADDED from AndroidManifest.xml:25:22
uses-permission#android.permission.INTERACT_ACROSS_USERS_FULL
ADDED from AndroidManifest.xml:26:5
	android:name
		ADDED from AndroidManifest.xml:26:22
uses-permission#android.permission.READ_PHONE_STATE
ADDED from AndroidManifest.xml:27:5
	android:name
		ADDED from AndroidManifest.xml:27:22
uses-permission#android.permission.READ_EXTERNAL_STORAGE
ADDED from AndroidManifest.xml:28:5
	android:name
		ADDED from AndroidManifest.xml:28:22
uses-permission#android.permission.RECEIVE_BOOT_COMPLETED
ADDED from AndroidManifest.xml:29:5
	android:name
		ADDED from AndroidManifest.xml:29:22
uses-permission#android.permission.WRITE_SETTINGS
ADDED from AndroidManifest.xml:30:5
	android:name
		ADDED from AndroidManifest.xml:30:22
uses-permission#android.permission.VIBRATE
ADDED from AndroidManifest.xml:31:5
	android:name
		ADDED from AndroidManifest.xml:31:22
uses-permission#android.permission.WRITE_EXTERNAL_STORAGE
ADDED from AndroidManifest.xml:32:5
	android:name
		ADDED from AndroidManifest.xml:32:22
uses-permission#android.permission.ACCESS_DOWNLOAD_MANAGER
ADDED from AndroidManifest.xml:33:5
	android:name
		ADDED from AndroidManifest.xml:33:22
uses-permission#android.permission.DOWNLOAD_WITHOUT_NOTIFICATION
ADDED from AndroidManifest.xml:34:5
	android:name
		ADDED from AndroidManifest.xml:34:22
uses-permission#android.permission.DISABLE_KEYGUARD
ADDED from AndroidManifest.xml:35:5
	android:name
		ADDED from AndroidManifest.xml:35:22
uses-permission#android.permission.ACCESS_COARSE_LOCATION
ADDED from AndroidManifest.xml:36:5
	android:name
		ADDED from AndroidManifest.xml:36:22
uses-permission#android.permission.GET_TASKS
ADDED from AndroidManifest.xml:43:5
	android:name
		ADDED from AndroidManifest.xml:43:22
uses-permission#android.permission.WAKE_LOCK
ADDED from AndroidManifest.xml:55:5
	android:name
		ADDED from AndroidManifest.xml:55:22
uses-permission#android.permission.BROADCAST_PACKAGE_ADDED
ADDED from AndroidManifest.xml:60:5
	android:name
		ADDED from AndroidManifest.xml:60:22
uses-permission#android.permission.BROADCAST_PACKAGE_CHANGED
ADDED from AndroidManifest.xml:61:5
	android:name
		ADDED from AndroidManifest.xml:61:22
uses-permission#android.permission.BROADCAST_PACKAGE_INSTALL
ADDED from AndroidManifest.xml:62:5
	android:name
		ADDED from AndroidManifest.xml:62:22
uses-permission#android.permission.BROADCAST_PACKAGE_REPLACED
ADDED from AndroidManifest.xml:63:5
	android:name
		ADDED from AndroidManifest.xml:63:22
uses-permission#android.permission.RESTART_PACKAGES
ADDED from AndroidManifest.xml:64:5
	android:name
		ADDED from AndroidManifest.xml:64:22
uses-permission#android.permission.GET_ACCOUNTS
ADDED from AndroidManifest.xml:65:5
	android:name
		ADDED from AndroidManifest.xml:65:22
uses-permission#WRITE_APN_SETTINGS
ADDED from AndroidManifest.xml:74:5
	android:name
		ADDED from AndroidManifest.xml:74:22
uses-permission#android.permission.CALL_PHONE
ADDED from AndroidManifest.xml:75:5
	android:name
		ADDED from AndroidManifest.xml:75:22
uses-permission#ANDROID.PERMISSION.CALL_PRIVILEGED
ADDED from AndroidManifest.xml:76:5
	android:name
		ADDED from AndroidManifest.xml:76:22
application
ADDED from AndroidManifest.xml:78:5
MERGED from com.umeng:fb:5.4.0:11:5
MERGED from com.umeng:message:2.4.1:11:5
MERGED from com.android.support:support-v4:22.2.1:22:5
MERGED from com.android.support:support-v4:22.2.1:22:5
MERGED from com.android.support:support-v4:22.2.1:22:5
	android:label
		ADDED from AndroidManifest.xml:82:9
		REJECTED from com.umeng:message:2.4.1:13:9
	android:allowBackup
		ADDED from AndroidManifest.xml:80:9
	android:icon
		ADDED from AndroidManifest.xml:81:9
	android:theme
		ADDED from AndroidManifest.xml:83:9
	tools:replace
		ADDED from AndroidManifest.xml:84:9
	android:name
		ADDED from AndroidManifest.xml:79:9
meta-data#BaiduMobAd_STAT_ID
ADDED from AndroidManifest.xml:87:9
	android:name
		ADDED from AndroidManifest.xml:88:13
	android:value
		ADDED from AndroidManifest.xml:89:13
meta-data#BaiduMobAd_CHANNEL
ADDED from AndroidManifest.xml:91:9
	android:name
		ADDED from AndroidManifest.xml:92:13
	android:value
		ADDED from AndroidManifest.xml:93:13
meta-data#BaiduMobAd_EXCEPTION_LOG
ADDED from AndroidManifest.xml:95:9
	android:name
		ADDED from AndroidManifest.xml:96:13
	android:value
		ADDED from AndroidManifest.xml:97:13
meta-data#BaiduMobAd_SEND_STRATEGY
ADDED from AndroidManifest.xml:99:9
	android:name
		ADDED from AndroidManifest.xml:100:13
	android:value
		ADDED from AndroidManifest.xml:101:13
meta-data#BaiduMobAd_ONLY_WIFI
ADDED from AndroidManifest.xml:103:9
	android:name
		ADDED from AndroidManifest.xml:104:13
	android:value
		ADDED from AndroidManifest.xml:105:13
meta-data#BaiduMobAd_CELL_LOCATION
ADDED from AndroidManifest.xml:107:9
	android:name
		ADDED from AndroidManifest.xml:108:13
	android:value
		ADDED from AndroidManifest.xml:109:13
meta-data#BaiduMobAd_GPS_LOCATION
ADDED from AndroidManifest.xml:111:9
	android:name
		ADDED from AndroidManifest.xml:112:13
	android:value
		ADDED from AndroidManifest.xml:113:13
meta-data#BaiduMobAd_WIFI_LOCATION
ADDED from AndroidManifest.xml:115:9
	android:name
		ADDED from AndroidManifest.xml:116:13
	android:value
		ADDED from AndroidManifest.xml:117:13
meta-data#api_key
ADDED from AndroidManifest.xml:118:9
	android:name
		ADDED from AndroidManifest.xml:119:13
	android:value
		ADDED from AndroidManifest.xml:120:13
activity#com.umeng.fb.ConversationActivity
ADDED from AndroidManifest.xml:122:9
	android:name
		ADDED from AndroidManifest.xml:122:19
activity#com.wjkj.kd.teacher.MainActivity
ADDED from AndroidManifest.xml:123:9
	android:screenOrientation
		ADDED from AndroidManifest.xml:128:13
	android:label
		ADDED from AndroidManifest.xml:126:13
	android:configChanges
		ADDED from AndroidManifest.xml:125:13
	android:name
		ADDED from AndroidManifest.xml:124:13
	android:launchMode
		ADDED from AndroidManifest.xml:127:13
activity#com.wjkj.kd.teacher.BaseActivity
ADDED from AndroidManifest.xml:130:9
	android:screenOrientation
		ADDED from AndroidManifest.xml:132:13
	android:name
		ADDED from AndroidManifest.xml:131:13
receiver#com.wjkj.kd.teacher.receiver.MyFeedbackReceiver
ADDED from AndroidManifest.xml:134:9
	android:name
		ADDED from AndroidManifest.xml:134:19
intent-filter#com.baidu.android.pushservice.action.FB_MESSAGE
ADDED from AndroidManifest.xml:135:13
action#com.baidu.android.pushservice.action.FB_MESSAGE
ADDED from AndroidManifest.xml:136:17
	android:name
		ADDED from AndroidManifest.xml:136:25
activity#com.wjkj.kd.teacher.VersionActivity
ADDED from AndroidManifest.xml:195:9
	android:screenOrientation
		ADDED from AndroidManifest.xml:198:13
	android:label
		ADDED from AndroidManifest.xml:197:13
	android:name
		ADDED from AndroidManifest.xml:196:13
activity#com.wjkj.kd.teacher.SettingActivity
ADDED from AndroidManifest.xml:200:9
	android:screenOrientation
		ADDED from AndroidManifest.xml:203:13
	android:label
		ADDED from AndroidManifest.xml:202:13
	android:name
		ADDED from AndroidManifest.xml:201:13
receiver#com.umeng.message.NotificationProxyBroadcastReceiver
ADDED from AndroidManifest.xml:206:9
	android:exported
		ADDED from AndroidManifest.xml:208:13
	android:name
		ADDED from AndroidManifest.xml:207:13
receiver#com.umeng.message.SystemReceiver
ADDED from AndroidManifest.xml:212:9
	android:process
		ADDED from AndroidManifest.xml:214:13
	android:name
		ADDED from AndroidManifest.xml:213:13
intent-filter#android.intent.action.BOOT_COMPLETED
ADDED from AndroidManifest.xml:215:13
action#android.intent.action.BOOT_COMPLETED
ADDED from AndroidManifest.xml:216:17
	android:name
		ADDED from AndroidManifest.xml:216:25
intent-filter#android.net.conn.CONNECTIVITY_CHANGE
ADDED from AndroidManifest.xml:218:13
action#android.net.conn.CONNECTIVITY_CHANGE
ADDED from AndroidManifest.xml:219:17
	android:name
		ADDED from AndroidManifest.xml:219:25
intent-filter#android.intent.action.PACKAGE_REMOVED
ADDED from AndroidManifest.xml:221:13
action#android.intent.action.PACKAGE_REMOVED
ADDED from AndroidManifest.xml:222:17
	android:name
		ADDED from AndroidManifest.xml:222:25
data
ADDED from AndroidManifest.xml:224:17
	android:scheme
		ADDED from AndroidManifest.xml:224:23
receiver#com.umeng.message.MessageReceiver
ADDED from AndroidManifest.xml:229:9
	android:process
		ADDED from AndroidManifest.xml:231:13
	android:name
		ADDED from AndroidManifest.xml:230:13
intent-filter#org.agoo.android.intent.action.RECEIVE
ADDED from AndroidManifest.xml:232:13
action#org.agoo.android.intent.action.RECEIVE
ADDED from AndroidManifest.xml:233:17
	android:name
		ADDED from AndroidManifest.xml:233:25
receiver#com.umeng.message.ElectionReceiver
ADDED from AndroidManifest.xml:238:9
	android:process
		ADDED from AndroidManifest.xml:240:13
	android:name
		ADDED from AndroidManifest.xml:239:13
intent-filter#org.agoo.android.intent.action.ELECTION_RESULT_V4+umeng
ADDED from AndroidManifest.xml:241:13
action#org.agoo.android.intent.action.ELECTION_RESULT_V4
ADDED from AndroidManifest.xml:242:17
	android:name
		ADDED from AndroidManifest.xml:242:25
category#umeng
ADDED from AndroidManifest.xml:244:17
	android:name
		ADDED from AndroidManifest.xml:244:27
receiver#com.umeng.message.RegistrationReceiver
ADDED from AndroidManifest.xml:250:9
	android:exported
		ADDED from AndroidManifest.xml:252:13
	android:name
		ADDED from AndroidManifest.xml:251:13
intent-filter#com.wjkj.kd.teacher.intent.action.COMMAND
ADDED from AndroidManifest.xml:253:13
action#com.wjkj.kd.teacher.intent.action.COMMAND
ADDED from AndroidManifest.xml:254:17
	android:name
		ADDED from AndroidManifest.xml:254:25
receiver#com.umeng.message.UmengMessageBootReceiver
ADDED from AndroidManifest.xml:257:9
	android:name
		ADDED from AndroidManifest.xml:257:19
service#com.umeng.message.UmengService
ADDED from AndroidManifest.xml:265:9
	android:label
		ADDED from AndroidManifest.xml:268:13
	android:process
		ADDED from AndroidManifest.xml:269:13
	android:exported
		ADDED from AndroidManifest.xml:267:13
	android:name
		ADDED from AndroidManifest.xml:266:13
intent-filter#com.wjkj.kd.teacher.intent.action.START
ADDED from AndroidManifest.xml:270:13
action#com.wjkj.kd.teacher.intent.action.START
ADDED from AndroidManifest.xml:271:17
	android:name
		ADDED from AndroidManifest.xml:271:25
intent-filter#com.wjkj.kd.teacher.intent.action.COCKROACH
ADDED from AndroidManifest.xml:273:13
action#com.wjkj.kd.teacher.intent.action.COCKROACH
ADDED from AndroidManifest.xml:274:17
	android:name
		ADDED from AndroidManifest.xml:274:25
intent-filter#org.agoo.android.intent.action.PING_V4+umeng
ADDED from AndroidManifest.xml:276:13
action#org.agoo.android.intent.action.PING_V4
ADDED from AndroidManifest.xml:277:17
	android:name
		ADDED from AndroidManifest.xml:277:25
service#com.umeng.message.UmengIntentService
ADDED from AndroidManifest.xml:284:9
	android:process
		ADDED from AndroidManifest.xml:286:13
	android:name
		ADDED from AndroidManifest.xml:285:13
service#com.umeng.message.UmengMessageIntentReceiverService
ADDED from AndroidManifest.xml:289:9
	android:process
		ADDED from AndroidManifest.xml:292:13
	android:exported
		ADDED from AndroidManifest.xml:291:13
	android:name
		ADDED from AndroidManifest.xml:290:13
intent-filter#org.android.agoo.client.MessageReceiverService
ADDED from AndroidManifest.xml:293:13
action#org.android.agoo.client.MessageReceiverService
ADDED from AndroidManifest.xml:294:17
	android:name
		ADDED from AndroidManifest.xml:294:25
intent-filter#org.android.agoo.client.ElectionReceiverService
ADDED from AndroidManifest.xml:296:13
action#org.android.agoo.client.ElectionReceiverService
ADDED from AndroidManifest.xml:297:17
	android:name
		ADDED from AndroidManifest.xml:297:25
service#com.umeng.message.UmengMessageCallbackHandlerService
ADDED from AndroidManifest.xml:302:9
	android:exported
		ADDED from AndroidManifest.xml:304:13
	android:name
		ADDED from AndroidManifest.xml:303:13
intent-filter#com.umeng.messge.registercallback.action
ADDED from AndroidManifest.xml:305:13
action#com.umeng.messge.registercallback.action
ADDED from AndroidManifest.xml:306:17
	android:name
		ADDED from AndroidManifest.xml:306:25
intent-filter#com.umeng.message.unregistercallback.action
ADDED from AndroidManifest.xml:308:13
action#com.umeng.message.unregistercallback.action
ADDED from AndroidManifest.xml:309:17
	android:name
		ADDED from AndroidManifest.xml:309:25
intent-filter#com.umeng.message.message.handler.action
ADDED from AndroidManifest.xml:311:13
action#com.umeng.message.message.handler.action
ADDED from AndroidManifest.xml:312:17
	android:name
		ADDED from AndroidManifest.xml:312:25
intent-filter#com.umeng.message.autoupdate.handler.action
ADDED from AndroidManifest.xml:314:13
action#com.umeng.message.autoupdate.handler.action
ADDED from AndroidManifest.xml:315:17
	android:name
		ADDED from AndroidManifest.xml:315:25
service#com.umeng.message.UmengDownloadResourceService
ADDED from AndroidManifest.xml:320:9
	android:name
		ADDED from AndroidManifest.xml:320:18
service#com.umeng.update.net.DownloadingService
ADDED from AndroidManifest.xml:324:9
	android:process
		ADDED from AndroidManifest.xml:326:13
	android:name
		ADDED from AndroidManifest.xml:325:13
activity#com.umeng.update.UpdateDialogActivity
ADDED from AndroidManifest.xml:329:9
	android:theme
		ADDED from AndroidManifest.xml:331:13
	android:name
		ADDED from AndroidManifest.xml:330:13
meta-data#UMENG_APPKEY
ADDED from AndroidManifest.xml:334:9
	android:name
		ADDED from AndroidManifest.xml:335:13
	android:value
		ADDED from AndroidManifest.xml:336:13
meta-data#UMENG_CHANNEL
ADDED from AndroidManifest.xml:337:9
	android:name
		ADDED from AndroidManifest.xml:338:13
	android:value
		ADDED from AndroidManifest.xml:339:13
meta-data#UMENG_MESSAGE_SECRET
ADDED from AndroidManifest.xml:340:9
	android:name
		ADDED from AndroidManifest.xml:341:13
	android:value
		ADDED from AndroidManifest.xml:342:13
activity#com.wjkj.kd.teacher.FirstPageActivity
ADDED from AndroidManifest.xml:345:9
	android:screenOrientation
		ADDED from AndroidManifest.xml:348:13
	android:label
		ADDED from AndroidManifest.xml:347:13
	android:name
		ADDED from AndroidManifest.xml:346:13
intent-filter#android.intent.action.MAIN+android.intent.category.LAUNCHER
ADDED from AndroidManifest.xml:349:13
action#android.intent.action.MAIN
ADDED from AndroidManifest.xml:350:17
	android:name
		ADDED from AndroidManifest.xml:350:25
category#android.intent.category.LAUNCHER
ADDED from AndroidManifest.xml:352:17
	android:name
		ADDED from AndroidManifest.xml:352:27
activity#com.wjkj.kd.teacher.AboutUsActivity
ADDED from AndroidManifest.xml:355:9
	android:screenOrientation
		ADDED from AndroidManifest.xml:358:13
	android:label
		ADDED from AndroidManifest.xml:357:13
	android:name
		ADDED from AndroidManifest.xml:356:13
activity#com.wjkj.kd.teacher.LoadUrlActivity
ADDED from AndroidManifest.xml:360:9
	android:screenOrientation
		ADDED from AndroidManifest.xml:363:13
	android:label
		ADDED from AndroidManifest.xml:362:13
	android:name
		ADDED from AndroidManifest.xml:361:13
activity#com.wjkj.kd.teacher.views.PushStateActivity
ADDED from AndroidManifest.xml:364:9
	android:label
		ADDED from AndroidManifest.xml:366:13
	android:name
		ADDED from AndroidManifest.xml:365:13
activity#com.wjkj.kd.teacher.views.CustomFankuiActivity
ADDED from AndroidManifest.xml:368:9
	android:label
		ADDED from AndroidManifest.xml:370:13
	android:name
		ADDED from AndroidManifest.xml:369:13